<?xml version="1.0" encoding="UTF-8"?>
<!-- Generated by org.testng.reporters.JUnitXMLReporter -->
<testsuite hostname="obaidulla.cable.rcn.com" ignored="0" name="Test" tests="1" failures="1" timestamp="2020-09-04T00:33:31 EDT" time="0.593" errors="0">
  <testcase name="feature" time="0.17" classname="cucumber.api.testng.AbstractTestNGCucumberTests">
    <failure type="cucumber.runtime.CucumberException" message="java.lang.AssertionError: expected [2] but found [1]">
      <![CDATA[cucumber.runtime.CucumberException: java.lang.AssertionError: expected [2] but found [1]
at cucumber.api.testng.TestNGCucumberRunner.runCucumber(TestNGCucumberRunner.java:69)
at cucumber.api.testng.AbstractTestNGCucumberTests.feature(AbstractTestNGCucumberTests.java:21)
at java.util.ArrayList.forEach(ArrayList.java:1255)
Caused by: java.lang.AssertionError: expected [2] but found [1]
at com.osa.steps.Mains.i_complete_action(Mains.java:18)
at âœ½.When I complete action(main.feature:7)
... Removed 32 stack frames]]>
    </failure>
  </testcase> <!-- feature -->
</testsuite> <!-- Test -->
